#
# A fatal error has been detected by the Java Runtime Environment:
#
#  EXCEPTION_ACCESS_VIOLATION (0xc0000005) at pc=0x00000000682ccaf0, pid=988, tid=4000
#
# JRE version: Java(TM) SE Runtime Environment (8.0_91-b15) (build 1.8.0_91-b15)
# Java VM: Java HotSpot(TM) 64-Bit Server VM (25.91-b15 mixed mode windows-amd64 compressed oops)
# Problematic frame:
# V  [jvm.dll+0x49caf0]
#
# Failed to write core dump. Minidumps are not enabled by default on client versions of Windows
#
# If you would like to submit a bug report, please visit:
#   http://bugreport.java.com/bugreport/crash.jsp
#

---------------  T H R E A D  ---------------

Current thread (0x0000000055279000):  JavaThread "C2 CompilerThread1" daemon [_thread_in_native, id=4000, stack(0x0000000056960000,0x0000000056a60000)]

siginfo: ExceptionCode=0xc0000005, reading address 0x00000008686436a8

Registers:
RAX=0x0000000000000000, RBX=0x0000000000000000, RCX=0x00000008686436a8, RDX=0x0000000000000000
RSP=0x0000000056a5c810, RBP=0x0000000000000021, RSI=0x0000000000000108, RDI=0x0000000056a5c860
R8 =0x0000000000000000, R9 =0x0000000000001ee0, R10=0x0000000067e30000, R11=0x0000000056a5c730
R12=0x000000000006f740, R13=0x0000000000000fec, R14=0x0000000067e30000, R15=0x00000000000003d8
RIP=0x00000000682ccaf0, EFLAGS=0x0000000000010246

Top of Stack: (sp=0x0000000056a5c810)
0x0000000056a5c810:   0000000056a5efb0 00000000593965d0
0x0000000056a5c820:   fffffffffffffff8 000000005525e700
0x0000000056a5c830:   0000000000000002 00000000682c83c5
0x0000000056a5c840:   0000000059408ef0 0000000000000000
0x0000000056a5c850:   0000000056a5c940 0000000000000032
0x0000000056a5c860:   00001ee500000000 0000000000000008
0x0000000056a5c870:   00000008686436a8 000000000000001f
0x0000000056a5c880:   0000000058ababc0 000000000000002d
0x0000000056a5c890:   00000000593cf3d0 0000000056a5cc30
0x0000000056a5c8a0:   0000000056c02738 0000000056c02360
0x0000000056a5c8b0:   0000000056a5c9c0 000000006829468a
0x0000000056a5c8c0:   0000000000000000 0000000056c02350
0x0000000056a5c8d0:   0000000056a5cc30 0000000000000000
0x0000000056a5c8e0:   0000000000000002 0000000056c02350
0x0000000056a5c8f0:   0000000058a5fec0 0000000058a664d0
0x0000000056a5c900:   0000000058a67ea8 0000000000aa0bd8 

Instructions: (pc=0x00000000682ccaf0)
0x00000000682ccad0:   48 8b 4f 20 48 39 04 0e 0f 84 9d 00 00 00 48 8b
0x00000000682ccae0:   0c 0e 33 d2 33 c0 48 89 4f 10 66 0f 1f 44 00 00
0x00000000682ccaf0:   83 3c 08 00 0f 85 36 01 00 00 ff c2 48 83 c0 04
0x00000000682ccb00:   83 fa 08 72 eb 48 8b 47 30 48 89 44 24 30 48 85 


Register to memory mapping:

RAX=0x0000000000000000 is an unknown value
RBX=0x0000000000000000 is an unknown value
RCX=0x00000008686436a8 is an unknown value
RDX=0x0000000000000000 is an unknown value
RSP=0x0000000056a5c810 is pointing into the stack for thread: 0x0000000055279000
RBP=0x0000000000000021 is an unknown value
RSI=0x0000000000000108 is an unknown value
RDI=0x0000000056a5c860 is pointing into the stack for thread: 0x0000000055279000
R8 =0x0000000000000000 is an unknown value
R9 =0x0000000000001ee0 is an unknown value
R10=0x0000000067e30000 is an unknown value
R11=0x0000000056a5c730 is pointing into the stack for thread: 0x0000000055279000
R12=0x000000000006f740 is an unknown value
R13=0x0000000000000fec is an unknown value
R14=0x0000000067e30000 is an unknown value
R15=0x00000000000003d8 is an unknown value


Stack: [0x0000000056960000,0x0000000056a60000],  sp=0x0000000056a5c810,  free space=1010k
Native frames: (J=compiled Java code, j=interpreted, Vv=VM code, C=native code)
V  [jvm.dll+0x49caf0]
V  [jvm.dll+0x4983c5]
V  [jvm.dll+0x46468a]
V  [jvm.dll+0x46f55b]
V  [jvm.dll+0x471b72]
V  [jvm.dll+0x454ce2]
V  [jvm.dll+0xa4be2]
V  [jvm.dll+0xa551f]
V  [jvm.dll+0x243ae4]
V  [jvm.dll+0x29a99a]
C  [msvcr100.dll+0x21d9f]
C  [msvcr100.dll+0x21e3b]
C  [kernel32.dll+0x159bd]
C  [ntdll.dll+0x2a2e1]


Current CompileTask:
C2:  12346 1714   !   4       com.android.dx.cf.code.Ropper::processBlock (1101 bytes)


---------------  P R O C E S S  ---------------

Java Threads: ( => current thread )
  0x0000000056eb2000 JavaThread "pool-1-thread-4" [_thread_blocked, id=5056, stack(0x0000000057a60000,0x0000000057b60000)]
  0x0000000056ea7000 JavaThread "pool-1-thread-3" [_thread_blocked, id=6040, stack(0x00000000578c0000,0x00000000579c0000)]
  0x0000000056ea6800 JavaThread "pool-1-thread-2" [_thread_blocked, id=4500, stack(0x0000000057750000,0x0000000057850000)]
  0x0000000056ea5800 JavaThread "pool-2-thread-1" [_thread_blocked, id=6092, stack(0x00000000575a0000,0x00000000576a0000)]
  0x0000000056ea5000 JavaThread "pool-1-thread-1" [_thread_blocked, id=5936, stack(0x0000000057380000,0x0000000057480000)]
  0x000000005527c800 JavaThread "Service Thread" daemon [_thread_blocked, id=1944, stack(0x0000000056fd0000,0x00000000570d0000)]
  0x000000005527a000 JavaThread "C1 CompilerThread2" daemon [_thread_blocked, id=4892, stack(0x0000000056ad0000,0x0000000056bd0000)]
=>0x0000000055279000 JavaThread "C2 CompilerThread1" daemon [_thread_in_native, id=4000, stack(0x0000000056960000,0x0000000056a60000)]
  0x0000000055277000 JavaThread "C2 CompilerThread0" daemon [_thread_blocked, id=4508, stack(0x00000000567f0000,0x00000000568f0000)]
  0x0000000055273800 JavaThread "Attach Listener" daemon [_thread_blocked, id=996, stack(0x0000000056670000,0x0000000056770000)]
  0x0000000055272000 JavaThread "Signal Dispatcher" daemon [_thread_blocked, id=1260, stack(0x0000000056460000,0x0000000056560000)]
  0x0000000055259800 JavaThread "Finalizer" daemon [_thread_blocked, id=5536, stack(0x0000000056280000,0x0000000056380000)]
  0x0000000055212000 JavaThread "Reference Handler" daemon [_thread_blocked, id=4732, stack(0x0000000056120000,0x0000000056220000)]
  0x000000000218f800 JavaThread "main" [_thread_blocked, id=6000, stack(0x00000000023b0000,0x00000000024b0000)]

Other Threads:
  0x000000005520a800 VMThread [stack: 0x0000000055f40000,0x0000000056040000] [id=5816]
  0x0000000056c4f800 WatcherThread [stack: 0x0000000057130000,0x0000000057230000] [id=5304]

VM state:not at safepoint (normal execution)

VM Mutex/Monitor currently owned by a thread: None

Heap:
 PSYoungGen      total 71680K, used 12662K [0x00000000eab00000, 0x00000000ef600000, 0x0000000100000000)
  eden space 66560K, 11% used [0x00000000eab00000,0x00000000eb25fd28,0x00000000eec00000)
  from space 5120K, 99% used [0x00000000ef100000,0x00000000ef5fdc88,0x00000000ef600000)
  to   space 5120K, 0% used [0x00000000eec00000,0x00000000eec00000,0x00000000ef100000)
 ParOldGen       total 87552K, used 5726K [0x00000000c0000000, 0x00000000c5580000, 0x00000000eab00000)
  object space 87552K, 6% used [0x00000000c0000000,0x00000000c0597a08,0x00000000c5580000)
 Metaspace       used 6261K, capacity 7090K, committed 7296K, reserved 1056768K
  class space    used 602K, capacity 618K, committed 640K, reserved 1048576K

Card table byte_map: [0x0000000011b40000,0x0000000011d50000] byte_map_base: 0x0000000011540000

Marking Bits: (ParMarkBitMap*) 0x0000000068642f70
 Begin Bits: [0x0000000012680000, 0x0000000013680000)
 End Bits:   [0x0000000013680000, 0x0000000014680000)

Polling page: 0x0000000000430000

CodeCache: size=245760Kb used=7581Kb max_used=7594Kb free=238178Kb
 bounds [0x0000000002780000, 0x0000000002f00000, 0x0000000011780000]
 total_blobs=1984 nmethods=1715 adapters=182
 compilation: enabled

Compilation events (10 events):
Event: 11.832 Thread 0x000000005527a000 1712       3       java.io.FilterInputStream::available (8 bytes)
Event: 11.832 Thread 0x000000005527a000 nmethod 1712 0x0000000002ee4fd0 code [0x0000000002ee5140, 0x0000000002ee5368]
Event: 11.832 Thread 0x000000005527a000 1713       3       com.android.dx.util.ByteArray$MyInputStream::available (13 bytes)
Event: 11.833 Thread 0x000000005527a000 nmethod 1713 0x0000000002ee4c50 code [0x0000000002ee4da0, 0x0000000002ee4f10]
Event: 11.833 Thread 0x0000000055279000 1714   !   4       com.android.dx.cf.code.Ropper::processBlock (1101 bytes)
Event: 11.833 Thread 0x000000005527a000 1715       3       com.android.dx.rop.code.Rops::opPutField (97 bytes)
Event: 11.833 Thread 0x000000005527a000 nmethod 1715 0x0000000002ee3850 code [0x0000000002ee3a80, 0x0000000002ee46b8]
Event: 12.237 Thread 0x0000000055277000 1716       4       com.android.dx.rop.code.BasicBlockList::getInstructionCount (48 bytes)
Event: 12.240 Thread 0x0000000055277000 nmethod 1716 0x0000000002ee0550 code [0x0000000002ee06a0, 0x0000000002ee0878]
Event: 12.240 Thread 0x0000000055277000 1717       4       com.android.dx.ssa.back.SsaToRop$1::visitBlock (97 bytes)

GC Heap History (4 events):
Event: 7.272 GC heap before
{Heap before GC invocations=1 (full 0):
 PSYoungGen      total 38400K, used 33280K [0x00000000eab00000, 0x00000000ed580000, 0x0000000100000000)
  eden space 33280K, 100% used [0x00000000eab00000,0x00000000ecb80000,0x00000000ecb80000)
  from space 5120K, 0% used [0x00000000ed080000,0x00000000ed080000,0x00000000ed580000)
  to   space 5120K, 0% used [0x00000000ecb80000,0x00000000ecb80000,0x00000000ed080000)
 ParOldGen       total 87552K, used 0K [0x00000000c0000000, 0x00000000c5580000, 0x00000000eab00000)
  object space 87552K, 0% used [0x00000000c0000000,0x00000000c0000000,0x00000000c5580000)
 Metaspace       used 6089K, capacity 6962K, committed 7040K, reserved 1056768K
  class space    used 601K, capacity 618K, committed 640K, reserved 1048576K
Event: 7.492 GC heap after
Heap after GC invocations=1 (full 0):
 PSYoungGen      total 38400K, used 5110K [0x00000000eab00000, 0x00000000ef600000, 0x0000000100000000)
  eden space 33280K, 0% used [0x00000000eab00000,0x00000000eab00000,0x00000000ecb80000)
  from space 5120K, 99% used [0x00000000ecb80000,0x00000000ed07db20,0x00000000ed080000)
  to   space 5120K, 0% used [0x00000000ef100000,0x00000000ef100000,0x00000000ef600000)
 ParOldGen       total 87552K, used 1125K [0x00000000c0000000, 0x00000000c5580000, 0x00000000eab00000)
  object space 87552K, 1% used [0x00000000c0000000,0x00000000c0119760,0x00000000c5580000)
 Metaspace       used 6089K, capacity 6962K, committed 7040K, reserved 1056768K
  class space    used 601K, capacity 618K, committed 640K, reserved 1048576K
}
Event: 10.401 GC heap before
{Heap before GC invocations=2 (full 0):
 PSYoungGen      total 38400K, used 38390K [0x00000000eab00000, 0x00000000ef600000, 0x0000000100000000)
  eden space 33280K, 100% used [0x00000000eab00000,0x00000000ecb80000,0x00000000ecb80000)
  from space 5120K, 99% used [0x00000000ecb80000,0x00000000ed07db20,0x00000000ed080000)
  to   space 5120K, 0% used [0x00000000ef100000,0x00000000ef100000,0x00000000ef600000)
 ParOldGen       total 87552K, used 1125K [0x00000000c0000000, 0x00000000c5580000, 0x00000000eab00000)
  object space 87552K, 1% used [0x00000000c0000000,0x00000000c0119760,0x00000000c5580000)
 Metaspace       used 6253K, capacity 7090K, committed 7296K, reserved 1056768K
  class space    used 602K, capacity 618K, committed 640K, reserved 1048576K
Event: 11.414 GC heap after
Heap after GC invocations=2 (full 0):
 PSYoungGen      total 71680K, used 5111K [0x00000000eab00000, 0x00000000ef600000, 0x0000000100000000)
  eden space 66560K, 0% used [0x00000000eab00000,0x00000000eab00000,0x00000000eec00000)
  from space 5120K, 99% used [0x00000000ef100000,0x00000000ef5fdc88,0x00000000ef600000)
  to   space 5120K, 0% used [0x00000000eec00000,0x00000000eec00000,0x00000000ef100000)
 ParOldGen       total 87552K, used 5726K [0x00000000c0000000, 0x00000000c5580000, 0x00000000eab00000)
  object space 87552K, 6% used [0x00000000c0000000,0x00000000c0597a08,0x00000000c5580000)
 Metaspace       used 6253K, capacity 7090K, committed 7296K, reserved 1056768K
  class space    used 602K, capacity 618K, committed 640K, reserved 1048576K
}

Deoptimization events (10 events):
Event: 10.348 Thread 0x0000000056ea6800 Uncommon trap: reason=class_check action=maybe_recompile pc=0x0000000002df5b94 method=com.android.dx.cf.code.RopperMachine.run(Lcom/android/dx/cf/code/Frame;II)V @ 988
Event: 10.348 Thread 0x0000000056ea6800 Uncommon trap: reason=unstable_if action=reinterpret pc=0x0000000002cfea18 method=com.android.dx.ssa.SCCP.simulateStmt(Lcom/android/dx/ssa/SsaInsn;)V @ 53
Event: 10.350 Thread 0x0000000056ea6800 Uncommon trap: reason=class_check action=maybe_recompile pc=0x0000000002df5b94 method=com.android.dx.cf.code.RopperMachine.run(Lcom/android/dx/cf/code/Frame;II)V @ 988
Event: 10.354 Thread 0x000000000218f800 Uncommon trap: reason=unstable_if action=reinterpret pc=0x0000000002a90fcc method=java.lang.String.<init>([CII)V @ 18
Event: 11.561 Thread 0x0000000056eb2000 Uncommon trap: reason=unstable_if action=reinterpret pc=0x0000000002df4dc8 method=com.android.dx.cf.code.RopperMachine.run(Lcom/android/dx/cf/code/Frame;II)V @ 1500
Event: 11.718 Thread 0x0000000056ea6800 Uncommon trap: reason=unstable_if action=reinterpret pc=0x0000000002d1d3f0 method=com.android.dx.ssa.MoveParamCombiner$1.visitNonMoveInsn(Lcom/android/dx/ssa/NormalSsaInsn;)V @ 27
Event: 11.720 Thread 0x0000000056ea6800 Uncommon trap: reason=bimorphic action=maybe_recompile pc=0x0000000002da3a58 method=com.android.dx.ssa.SCCP.simulatePhi(Lcom/android/dx/ssa/PhiInsn;)V @ 124
Event: 11.720 Thread 0x0000000056ea6800 Uncommon trap: reason=bimorphic action=maybe_recompile pc=0x0000000002ec63ac method=com.android.dx.ssa.SCCP.simulatePhi(Lcom/android/dx/ssa/PhiInsn;)V @ 124
Event: 11.720 Thread 0x0000000056ea6800 Uncommon trap: reason=bimorphic action=maybe_recompile pc=0x0000000002ec63ac method=com.android.dx.ssa.SCCP.simulatePhi(Lcom/android/dx/ssa/PhiInsn;)V @ 124
Event: 11.720 Thread 0x0000000056ea6800 Uncommon trap: reason=bimorphic action=maybe_recompile pc=0x0000000002ec63ac method=com.android.dx.ssa.SCCP.simulatePhi(Lcom/android/dx/ssa/PhiInsn;)V @ 124

Internal exceptions (3 events):
Event: 0.045 Thread 0x000000000218f800 Exception <a 'java/lang/NoSuchMethodError': Method sun.misc.Unsafe.defineClass(Ljava/lang/String;[BII)Ljava/lang/Class; name or signature does not match> (0x00000000eab07cc0) thrown at [C:\re\workspace\8-2-build-windows-amd64-cygwin\jdk8u91\7017\hotspot\sr`€-™ Ù¦?
Event: 0.045 Thread 0x000000000218f800 Exception <a 'java/lang/NoSuchMethodError': Method sun.misc.Unsafe.prefetchRead(Ljava/lang/Object;J)V name or signature does not match> (0x00000000eab07fa8) thrown at [C:\re\workspace\8-2-build-windows-amd64-cygwin\jdk8u91\7017\hotspot\src\share\vm\prims\j¥xñ2öD"@
Event: 9.135 Thread 0x0000000056ea7000 Implicit null exception at 0x0000000002d7e29e to 0x0000000002d80365

Events (10 events):
Event: 11.720 Thread 0x0000000056ea6800 DEOPT UNPACKING pc=0x00000000027c582a sp=0x000000005784e578 mode 2
Event: 11.720 Thread 0x0000000056ea6800 Uncommon trap: trap_request=0xffffffc6 fr.pc=0x0000000002ec63ac
Event: 11.720 Thread 0x0000000056ea6800 DEOPT PACKING pc=0x0000000002ec63ac sp=0x000000005784e580
Event: 11.720 Thread 0x0000000056ea6800 DEOPT UNPACKING pc=0x00000000027c582a sp=0x000000005784e548 mode 2
Event: 11.720 Thread 0x0000000056ea6800 Uncommon trap: trap_request=0xffffffc6 fr.pc=0x0000000002ec63ac
Event: 11.720 Thread 0x0000000056ea6800 DEOPT PACKING pc=0x0000000002ec63ac sp=0x000000005784e580
Event: 11.720 Thread 0x0000000056ea6800 DEOPT UNPACKING pc=0x00000000027c582a sp=0x000000005784e548 mode 2
Event: 11.720 Thread 0x0000000056ea6800 Uncommon trap: trap_request=0xffffffc6 fr.pc=0x0000000002ec63ac
Event: 11.720 Thread 0x0000000056ea6800 DEOPT PACKING pc=0x0000000002ec63ac sp=0x000000005784e580
Event: 11.720 Thread 0x0000000056ea6800 DEOPT UNPACKING pc=0x00000000027c582a sp=0x000000005784e548 mode 2


Dynamic libraries:
0x000000013fdc0000 - 0x000000013fdf7000 	C:\Program Files\Java\jdk1.8.0_91\bin\java.exe
0x0000000076ce0000 - 0x0000000076e8a000 	C:\Windows\SYSTEM32\ntdll.dll
0x0000000076bc0000 - 0x0000000076cdf000 	C:\Windows\system32\kernel32.dll
0x000007fefcc00000 - 0x000007fefcc6a000 	C:\Windows\system32\KERNELBASE.dll
0x000007fefdc50000 - 0x000007fefdd2b000 	C:\Windows\system32\ADVAPI32.dll
0x000007fefd950000 - 0x000007fefd9ef000 	C:\Windows\system32\msvcrt.dll
0x000007fefefd0000 - 0x000007fefefef000 	C:\Windows\SYSTEM32\sechost.dll
0x000007fefd0b0000 - 0x000007fefd1dd000 	C:\Windows\system32\RPCRT4.dll
0x0000000076ac0000 - 0x0000000076bba000 	C:\Windows\system32\USER32.dll
0x000007fefd5a0000 - 0x000007fefd607000 	C:\Windows\system32\GDI32.dll
0x000007fefd2c0000 - 0x000007fefd2ce000 	C:\Windows\system32\LPK.dll
0x000007fefd9f0000 - 0x000007fefdaba000 	C:\Windows\system32\USP10.dll
0x000007fefb080000 - 0x000007fefb274000 	C:\Windows\WinSxS\amd64_microsoft.windows.common-controls_6595b64144ccf1df_6.0.7601.18837_none_fa3b1e3d17594757\COMCTL32.dll
0x000007fefdbd0000 - 0x000007fefdc41000 	C:\Windows\system32\SHLWAPI.dll
0x000007fefdd30000 - 0x000007fefdd5e000 	C:\Windows\system32\IMM32.DLL
0x000007fefdac0000 - 0x000007fefdbc9000 	C:\Windows\system32\MSCTF.dll
0x0000000067490000 - 0x0000000067562000 	C:\Program Files\Java\jdk1.8.0_91\jre\bin\msvcr100.dll
0x0000000067e30000 - 0x00000000686c3000 	C:\Program Files\Java\jdk1.8.0_91\jre\bin\server\jvm.dll
0x000007fef0b90000 - 0x000007fef0b99000 	C:\Windows\system32\WSOCK32.dll
0x000007fefe1f0000 - 0x000007fefe23d000 	C:\Windows\system32\WS2_32.dll
0x000007fefd610000 - 0x000007fefd618000 	C:\Windows\system32\NSI.dll
0x000007fefa5c0000 - 0x000007fefa5fb000 	C:\Windows\system32\WINMM.dll
0x000007fefbb10000 - 0x000007fefbb1c000 	C:\Windows\system32\VERSION.dll
0x0000000076eb0000 - 0x0000000076eb7000 	C:\Windows\system32\PSAPI.DLL
0x0000000067e20000 - 0x0000000067e2f000 	C:\Program Files\Java\jdk1.8.0_91\jre\bin\verify.dll
0x0000000067df0000 - 0x0000000067e19000 	C:\Program Files\Java\jdk1.8.0_91\jre\bin\java.dll
0x0000000067dd0000 - 0x0000000067de6000 	C:\Program Files\Java\jdk1.8.0_91\jre\bin\zip.dll
0x000007fefe240000 - 0x000007fefefcc000 	C:\Windows\system32\SHELL32.dll
0x000007fefde00000 - 0x000007fefe003000 	C:\Windows\system32\ole32.dll
0x000007fefca30000 - 0x000007fefca3f000 	C:\Windows\system32\profapi.dll
0x000007fef09f0000 - 0x000007fef0b15000 	C:\Windows\system32\dbghelp.dll

VM Arguments:
jvm_args: -Djava.awt.headless=true -Xmx1024M -Dfile.encoding=windows-1252 -Duser.country=US -Duser.language=en -Duser.variant 
java_command: com.android.dx.command.Main --dex --force-jumbo --num-threads=4 --output C:\Users\Administrator.RBADSK5-PC\AndroidStudioProjects\BulletinBoard\app\build\intermediates\pre-dexed\debug\httpclient-4.3.6_d0c00eed94c7dd2253b6b4451e40540a1de2aeef.jar C:\Users\Administrator.RBADSK5-PC\.gradle\caches\modules-2\files-2.1\cz.msebera.android\httpclient\4.3.6\526a9f794eab830eae4f23a62c572878b3f491ab\httpclient-4.3.6.jar
java_class_path (initial): C:\Users\Administrator.RBADSK5-PC\AppData\Local\Android\sdk\build-tools\24.0.1\lib\dx.jar
Launcher Type: SUN_STANDARD

Environment Variables:
JAVA_HOME=C:\Program Files\Java\jdk1.8.0_91
PATH=C:\ProgramData\Oracle\Java\javapath;C:\Windows\system32;C:\Windows;C:\Windows\System32\Wbem;C:\Windows\System32\WindowsPowerShell\v1.0\;C:\Program Files (x86)\Skype\Phone\;C:\Windows\system32\config\systemprofile\.dnx\bin;C:\Program Files\Microsoft DNX\Dnvm\;C:\Program Files\Microsoft SQL Server\130\Tools\Binn\;C:\Program Files\Git\cmd;C:\Program Files (x86)\GtkSharp\2.12\bin;C:\Program Files\nodejs\;C:\Users\Administrator.RBADSK5-PC\AppData\Local\Android\sdk\platform-tools;C:\xampp\php;C:\ProgramData\ComposerSetup\bin;C:\Users\Administrator.RBADSK5-PC\AppData\Roaming\npm;C:\Users\Administrator.RBADSK5-PC\AppData\Roaming\Composer\vendor\bin;C:\GNUstep\bin;C:\GNUstep\GNUstep\System\Tools
USERNAME=Administrator
OS=Windows_NT
PROCESSOR_IDENTIFIER=Intel64 Family 6 Model 58 Stepping 9, GenuineIntel



---------------  S Y S T E M  ---------------

OS: Windows 7 , 64 bit Build 7601 (6.1.7601.23418)

CPU:total 4 (4 cores per cpu, 1 threads per core) family 6 model 58 stepping 9, cmov, cx8, fxsr, mmx, sse, sse2, sse3, ssse3, sse4.1, sse4.2, popcnt, avx, aes, clmul, erms, tsc, tscinvbit, tscinv

Memory: 4k page, physical 8286620k(1718128k free), swap 16571380k(7910160k free)

vm_info: Java HotSpot(TM) 64-Bit Server VM (25.91-b15) for windows-amd64 JRE (1.8.0_91-b15), built on May 20 2016 17:43:15 by "java_re" with MS VC++ 10.0 (VS2010)

time: Wed Sep 14 11:16:27 2016
elapsed time: 12 seconds (0d 0h 0m 12s)

