#
# A fatal error has been detected by the Java Runtime Environment:
#
#  EXCEPTION_ACCESS_VIOLATION (0xc0000005) at pc=0x0000000002f73243, pid=5492, tid=2032
#
# JRE version: Java(TM) SE Runtime Environment (8.0_91-b15) (build 1.8.0_91-b15)
# Java VM: Java HotSpot(TM) 64-Bit Server VM (25.91-b15 mixed mode windows-amd64 compressed oops)
# Problematic frame:
# J 1942 C1 com.android.dx.dex.code.StdCatchBuilder.build(Lcom/android/dx/rop/code/RopMethod;[ILcom/android/dx/dex/code/BlockAddresses;)Lcom/android/dx/dex/code/CatchTable; (262 bytes) @ 0x0000000002f73243 [0x0000000002f730e0+0x163]
#
# Failed to write core dump. Minidumps are not enabled by default on client versions of Windows
#
# If you would like to submit a bug report, please visit:
#   http://bugreport.java.com/bugreport/crash.jsp
#

---------------  T H R E A D  ---------------

Current thread (0x0000000056eb9800):  JavaThread "pool-1-thread-1" [_thread_in_Java, id=2032, stack(0x00000000574e0000,0x00000000575e0000)]

siginfo: ExceptionCode=0xc0000005, reading address 0x0000000000000d5e

Registers:
RAX=0x0000000000070000, RBX=0x00000000146e8410, RCX=0x0000000000011f00, RDX=0x00000000ef4b0d10
RSP=0x00000000575de730, RBP=0x00000000575deac8, RSI=0x000000000000001c, RDI=0x0000000000000d2e
R8 =0x000000000000003f, R9 =0x000000000000001c, R10=0x0000000000000040, R11=0x00000000146eff18
R12=0x0000000000000000, R13=0x0000000000000008, R14=0x0000000000000008, R15=0x0000000056eb9800
RIP=0x0000000002f73243, EFLAGS=0x0000000000010206

Top of Stack: (sp=0x00000000575de730)
0x00000000575de730:   00000000575deac8 0000000002f79dcc
0x00000000575de740:   00000000575de760 00000000575deac8
0x00000000575de750:   00000000575deac8 0000000002fae634
0x00000000575de760:   00000000ef1e8f08 000000000000007e
0x00000000575de770:   00000000ed352280 00000000ef1e8f08
0x00000000575de780:   0000000000000000 00000000ef1577d8
0x00000000575de790:   00000000ffffffff 00000000ed352988
0x00000000575de7a0:   00000000575deac8 00000000ef161888
0x00000000575de7b0:   00000000575deac8 00000000ed352280
0x00000000575de7c0:   0000001c0000004e 00000000ef4bc900
0x00000000575de7d0:   00000000ef4ae1c8 00000000ef4bca48
0x00000000575de7e0:   00000000ed352a80 00000000ef4b0e98
0x00000000575de7f0:   00000000ef4b0e98 00000000ed1e92a0
0x00000000575de800:   00000000ef4b0cf8 00000000ed1e92a0
0x00000000575de810:   00000000575deac8 0000000002fb0f1c
0x00000000575de820:   00000000ef4a0630 0000015900000002 

Instructions: (pc=0x0000000002f73243)
0x0000000002f73223:   90 90 90 90 e8 64 02 b3 ff 48 83 f8 00 0f 84 1c
0x0000000002f73233:   00 00 00 48 bb 10 84 6e 14 00 00 00 00 8b 78 08
0x0000000002f73243:   48 3b 5f 30 0f 85 96 0b 00 00 e9 00 00 00 00 48
0x0000000002f73253:   8b d0 8b 52 0c 8b 52 20 90 90 48 b8 b8 c9 6d 14 


Register to memory mapping:

RAX=0x0000000000070000 is an unknown value
RBX=0x00000000146e8410 is pointing into metadata
RCX=0x0000000000011f00 is an unknown value
RDX=0x00000000ef4b0d10 is an oop

[error occurred during error reporting (printing register info), id 0xc0000005]

Stack: [0x00000000574e0000,0x00000000575e0000],  sp=0x00000000575de730,  free space=1017k
Native frames: (J=compiled Java code, j=interpreted, Vv=VM code, C=native code)
C  0x0000000002f73243


---------------  P R O C E S S  ---------------

Java Threads: ( => current thread )
=>0x0000000056eb9800 JavaThread "pool-1-thread-1" [_thread_in_Java, id=2032, stack(0x00000000574e0000,0x00000000575e0000)]
  0x0000000056c05000 JavaThread "Service Thread" daemon [_thread_blocked, id=3484, stack(0x0000000057270000,0x0000000057370000)]
  0x0000000056b81000 JavaThread "C1 CompilerThread2" daemon [_thread_blocked, id=5072, stack(0x00000000570f0000,0x00000000571f0000)]
  0x000000005506f800 JavaThread "C2 CompilerThread1" daemon [_thread_blocked, id=7972, stack(0x0000000056f90000,0x0000000057090000)]
  0x000000005506a000 JavaThread "C2 CompilerThread0" daemon [_thread_blocked, id=5976, stack(0x0000000056a80000,0x0000000056b80000)]
  0x0000000055066800 JavaThread "Attach Listener" daemon [_thread_blocked, id=7912, stack(0x0000000056960000,0x0000000056a60000)]
  0x0000000055064000 JavaThread "Signal Dispatcher" daemon [_thread_blocked, id=6996, stack(0x0000000056790000,0x0000000056890000)]
  0x000000005504b800 JavaThread "Finalizer" daemon [_thread_blocked, id=5152, stack(0x00000000565a0000,0x00000000566a0000)]
  0x0000000055002800 JavaThread "Reference Handler" daemon [_thread_blocked, id=2080, stack(0x0000000056310000,0x0000000056410000)]
  0x000000000213e800 JavaThread "main" [_thread_blocked, id=8060, stack(0x00000000024e0000,0x00000000025e0000)]

Other Threads:
  0x0000000054ffa800 VMThread [stack: 0x0000000056140000,0x0000000056240000] [id=6788]
  0x0000000056c0b000 WatcherThread [stack: 0x0000000056420000,0x0000000056520000] [id=5344]

VM state:not at safepoint (normal execution)

VM Mutex/Monitor currently owned by a thread: None

Heap:
 PSYoungGen      total 71680K, used 46525K [0x00000000eab00000, 0x00000000ef600000, 0x0000000100000000)
  eden space 66560K, 62% used [0x00000000eab00000,0x00000000ed372f30,0x00000000eec00000)
  from space 5120K, 99% used [0x00000000ef100000,0x00000000ef5fc6f0,0x00000000ef600000)
  to   space 5120K, 0% used [0x00000000eec00000,0x00000000eec00000,0x00000000ef100000)
 ParOldGen       total 87552K, used 7215K [0x00000000c0000000, 0x00000000c5580000, 0x00000000eab00000)
  object space 87552K, 8% used [0x00000000c0000000,0x00000000c070bf68,0x00000000c5580000)
 Metaspace       used 6534K, capacity 7384K, committed 7680K, reserved 1056768K
  class space    used 624K, capacity 656K, committed 768K, reserved 1048576K

Card table byte_map: [0x0000000011c70000,0x0000000011e80000] byte_map_base: 0x0000000011670000

Marking Bits: (ParMarkBitMap*) 0x0000000065d82f70
 Begin Bits: [0x0000000012470000, 0x0000000013470000)
 End Bits:   [0x0000000013470000, 0x0000000014470000)

Polling page: 0x0000000000230000

CodeCache: size=245760Kb used=7334Kb max_used=7370Kb free=238425Kb
 bounds [0x00000000028b0000, 0x0000000002ff0000, 0x00000000118b0000]
 total_blobs=2252 nmethods=1983 adapters=182
 compilation: enabled

Compilation events (10 events):
Event: 2.064 Thread 0x0000000056b81000 2011       2       com.android.dx.util.ByteArrayAnnotatedOutput::ensureCapacity (39 bytes)
Event: 2.064 Thread 0x0000000056b81000 nmethod 2011 0x0000000002fb2a10 code [0x0000000002fb2b80, 0x0000000002fb2e48]
Event: 2.064 Thread 0x0000000056b81000 2012       2       com.android.dx.dex.code.CatchHandlerList$Entry::<init> (43 bytes)
Event: 2.064 Thread 0x0000000056b81000 nmethod 2012 0x0000000002fb2f50 code [0x0000000002fb30e0, 0x0000000002fb3398]
Event: 2.065 Thread 0x0000000056b81000 2013       2       com.android.dx.dex.code.CatchHandlerList$Entry::compareTo (38 bytes)
Event: 2.065 Thread 0x0000000056b81000 nmethod 2013 0x0000000002fb34d0 code [0x0000000002fb3660, 0x0000000002fb3958]
Event: 2.065 Thread 0x0000000056b81000 2014       2       com.android.dx.dex.code.CatchHandlerList$Entry::equals (26 bytes)
Event: 2.065 Thread 0x0000000056b81000 nmethod 2014 0x0000000002fb3cd0 code [0x0000000002fb3e40, 0x0000000002fb4048]
Event: 2.065 Thread 0x0000000056b81000 2015       2       com.android.dx.dex.code.form.Form10t::isCompatible (41 bytes)
Event: 2.066 Thread 0x0000000056b81000 nmethod 2015 0x0000000002fb4110 code [0x0000000002fb42a0, 0x0000000002fb46d8]

GC Heap History (4 events):
Event: 0.656 GC heap before
{Heap before GC invocations=1 (full 0):
 PSYoungGen      total 38400K, used 33280K [0x00000000eab00000, 0x00000000ed580000, 0x0000000100000000)
  eden space 33280K, 100% used [0x00000000eab00000,0x00000000ecb80000,0x00000000ecb80000)
  from space 5120K, 0% used [0x00000000ed080000,0x00000000ed080000,0x00000000ed580000)
  to   space 5120K, 0% used [0x00000000ecb80000,0x00000000ecb80000,0x00000000ed080000)
 ParOldGen       total 87552K, used 0K [0x00000000c0000000, 0x00000000c5580000, 0x00000000eab00000)
  object space 87552K, 0% used [0x00000000c0000000,0x00000000c0000000,0x00000000c5580000)
 Metaspace       used 5936K, capacity 6898K, committed 7040K, reserved 1056768K
  class space    used 602K, capacity 618K, committed 640K, reserved 1048576K
Event: 0.664 GC heap after
Heap after GC invocations=1 (full 0):
 PSYoungGen      total 38400K, used 5108K [0x00000000eab00000, 0x00000000ef600000, 0x0000000100000000)
  eden space 33280K, 0% used [0x00000000eab00000,0x00000000eab00000,0x00000000ecb80000)
  from space 5120K, 99% used [0x00000000ecb80000,0x00000000ed07d258,0x00000000ed080000)
  to   space 5120K, 0% used [0x00000000ef100000,0x00000000ef100000,0x00000000ef600000)
 ParOldGen       total 87552K, used 1314K [0x00000000c0000000, 0x00000000c5580000, 0x00000000eab00000)
  object space 87552K, 1% used [0x00000000c0000000,0x00000000c01488d0,0x00000000c5580000)
 Metaspace       used 5936K, capacity 6898K, committed 7040K, reserved 1056768K
  class space    used 602K, capacity 618K, committed 640K, reserved 1048576K
}
Event: 0.862 GC heap before
{Heap before GC invocations=2 (full 0):
 PSYoungGen      total 38400K, used 38388K [0x00000000eab00000, 0x00000000ef600000, 0x0000000100000000)
  eden space 33280K, 100% used [0x00000000eab00000,0x00000000ecb80000,0x00000000ecb80000)
  from space 5120K, 99% used [0x00000000ecb80000,0x00000000ed07d258,0x00000000ed080000)
  to   space 5120K, 0% used [0x00000000ef100000,0x00000000ef100000,0x00000000ef600000)
 ParOldGen       total 87552K, used 1314K [0x00000000c0000000, 0x00000000c5580000, 0x00000000eab00000)
  object space 87552K, 1% used [0x00000000c0000000,0x00000000c01488d0,0x00000000c5580000)
 Metaspace       used 6003K, capacity 6962K, committed 7040K, reserved 1056768K
  class space    used 603K, capacity 618K, committed 640K, reserved 1048576K
Event: 0.912 GC heap after
Heap after GC invocations=2 (full 0):
 PSYoungGen      total 71680K, used 5105K [0x00000000eab00000, 0x00000000ef600000, 0x0000000100000000)
  eden space 66560K, 0% used [0x00000000eab00000,0x00000000eab00000,0x00000000eec00000)
  from space 5120K, 99% used [0x00000000ef100000,0x00000000ef5fc6f0,0x00000000ef600000)
  to   space 5120K, 0% used [0x00000000eec00000,0x00000000eec00000,0x00000000ef100000)
 ParOldGen       total 87552K, used 7215K [0x00000000c0000000, 0x00000000c5580000, 0x00000000eab00000)
  object space 87552K, 8% used [0x00000000c0000000,0x00000000c070bf68,0x00000000c5580000)
 Metaspace       used 6003K, capacity 6962K, committed 7040K, reserved 1056768K
  class space    used 603K, capacity 618K, committed 640K, reserved 1048576K
}

Deoptimization events (10 events):
Event: 1.813 Thread 0x0000000056eb9800 Uncommon trap: reason=bimorphic action=maybe_recompile pc=0x0000000002b11de4 method=java.util.HashMap.getNode(ILjava/lang/Object;)Ljava/util/HashMap$Node; @ 126
Event: 1.813 Thread 0x0000000056eb9800 Uncommon trap: reason=class_check action=maybe_recompile pc=0x0000000002d1937c method=java.util.HashMap.putVal(ILjava/lang/Object;Ljava/lang/Object;ZZ)Ljava/lang/Object; @ 203
Event: 1.814 Thread 0x0000000056eb9800 Uncommon trap: reason=class_check action=maybe_recompile pc=0x0000000002d1937c method=java.util.HashMap.putVal(ILjava/lang/Object;Ljava/lang/Object;ZZ)Ljava/lang/Object; @ 203
Event: 1.814 Thread 0x0000000056eb9800 Uncommon trap: reason=class_check action=maybe_recompile pc=0x0000000002d1937c method=java.util.HashMap.putVal(ILjava/lang/Object;Ljava/lang/Object;ZZ)Ljava/lang/Object; @ 203
Event: 1.814 Thread 0x0000000056eb9800 Uncommon trap: reason=class_check action=maybe_recompile pc=0x0000000002d1937c method=java.util.HashMap.putVal(ILjava/lang/Object;Ljava/lang/Object;ZZ)Ljava/lang/Object; @ 203
Event: 1.814 Thread 0x0000000056eb9800 Uncommon trap: reason=class_check action=maybe_recompile pc=0x0000000002ca5bc0 method=java.util.HashMap.putVal(ILjava/lang/Object;Ljava/lang/Object;ZZ)Ljava/lang/Object; @ 203
Event: 1.824 Thread 0x0000000056eb9800 Uncommon trap: reason=unstable_if action=reinterpret pc=0x0000000002f2ffe4 method=java.util.HashMap.putVal(ILjava/lang/Object;Ljava/lang/Object;ZZ)Ljava/lang/Object; @ 94
Event: 1.958 Thread 0x0000000056eb9800 Uncommon trap: reason=class_check action=maybe_recompile pc=0x0000000002afbd1c method=java.util.Arrays.equals([Ljava/lang/Object;[Ljava/lang/Object;)Z @ 62
Event: 1.958 Thread 0x0000000056eb9800 Uncommon trap: reason=class_check action=maybe_recompile pc=0x0000000002afbd1c method=java.util.Arrays.equals([Ljava/lang/Object;[Ljava/lang/Object;)Z @ 62
Event: 1.958 Thread 0x0000000056eb9800 Uncommon trap: reason=unstable_if action=reinterpret pc=0x0000000002afbcf4 method=java.util.Arrays.equals([Ljava/lang/Object;[Ljava/lang/Object;)Z @ 23

Internal exceptions (5 events):
Event: 0.038 Thread 0x000000000213e800 Exception <a 'java/lang/NoSuchMethodError': Method sun.misc.Unsafe.defineClass(Ljava/lang/String;[BII)Ljava/lang/Class; name or signature does not match> (0x00000000eab07cc0) thrown at [C:\re\workspace\8-2-build-windows-amd64-cygwin\jdk8u91\7017\hotspot\sr»}Wvx£?
Event: 0.038 Thread 0x000000000213e800 Exception <a 'java/lang/NoSuchMethodError': Method sun.misc.Unsafe.prefetchRead(Ljava/lang/Object;J)V name or signature does not match> (0x00000000eab07fa8) thrown at [C:\re\workspace\8-2-build-windows-amd64-cygwin\jdk8u91\7017\hotspot\src\share\vm\prims\jmz‡`æ?
Event: 0.688 Thread 0x000000000213e800 Implicit null exception at 0x0000000002c2f074 to 0x0000000002c2fe5d
Event: 1.310 Thread 0x0000000056e9d000 Implicit null exception at 0x0000000002d14f92 to 0x0000000002d15082
Event: 2.069 Thread 0x0000000056eb9800 Implicit null exception at 0x0000000002f73243 to 0x0000000000000000

Events (10 events):
Event: 2.059 Thread 0x0000000056eb9800 DEOPT PACKING pc=0x0000000002f6530c sp=0x00000000575de6c0
Event: 2.059 Thread 0x0000000056eb9800 DEOPT UNPACKING pc=0x00000000028f787f sp=0x00000000575de418 mode 0
Event: 2.060 Thread 0x0000000056eb9800 DEOPT PACKING pc=0x0000000002f6d261 sp=0x00000000575de880
Event: 2.061 Thread 0x0000000056eb9800 DEOPT UNPACKING pc=0x00000000028f787f sp=0x00000000575de5f0 mode 0
Event: 2.061 Thread 0x0000000056eb9800 DEOPT PACKING pc=0x0000000002f6da1e sp=0x00000000575de7a0
Event: 2.061 Thread 0x0000000056eb9800 DEOPT UNPACKING pc=0x00000000028f787f sp=0x00000000575de520 mode 0
Event: 2.062 Thread 0x0000000056eb9800 DEOPT PACKING pc=0x0000000002f6e659 sp=0x00000000575de760
Event: 2.062 Thread 0x0000000056eb9800 DEOPT UNPACKING pc=0x00000000028f787f sp=0x00000000575de518 mode 0
Event: 2.062 Thread 0x0000000056eb9800 DEOPT PACKING pc=0x0000000002f6f835 sp=0x00000000575de820
Event: 2.062 Thread 0x0000000056eb9800 DEOPT UNPACKING pc=0x00000000028f787f sp=0x00000000575de570 mode 0


Dynamic libraries:
0x000000013f580000 - 0x000000013f5b7000 	C:\Program Files\Java\jdk1.8.0_91\bin\java.exe
0x0000000077250000 - 0x00000000773fa000 	C:\Windows\SYSTEM32\ntdll.dll
0x0000000077030000 - 0x000000007714f000 	C:\Windows\system32\kernel32.dll
0x000007fefcfe0000 - 0x000007fefd04a000 	C:\Windows\system32\KERNELBASE.dll
0x000007feff130000 - 0x000007feff20b000 	C:\Windows\system32\ADVAPI32.dll
0x000007fefdbf0000 - 0x000007fefdc8f000 	C:\Windows\system32\msvcrt.dll
0x000007fefef90000 - 0x000007fefefaf000 	C:\Windows\SYSTEM32\sechost.dll
0x000007fefeab0000 - 0x000007fefebdd000 	C:\Windows\system32\RPCRT4.dll
0x0000000077150000 - 0x000000007724a000 	C:\Windows\system32\USER32.dll
0x000007feff0c0000 - 0x000007feff127000 	C:\Windows\system32\GDI32.dll
0x000007feff550000 - 0x000007feff55e000 	C:\Windows\system32\LPK.dll
0x000007fefeec0000 - 0x000007fefef8a000 	C:\Windows\system32\USP10.dll
0x000007fefb620000 - 0x000007fefb814000 	C:\Windows\WinSxS\amd64_microsoft.windows.common-controls_6595b64144ccf1df_6.0.7601.18837_none_fa3b1e3d17594757\COMCTL32.dll
0x000007fefd340000 - 0x000007fefd3b1000 	C:\Windows\system32\SHLWAPI.dll
0x000007fefdbc0000 - 0x000007fefdbee000 	C:\Windows\system32\IMM32.DLL
0x000007fefefb0000 - 0x000007feff0b9000 	C:\Windows\system32\MSCTF.dll
0x0000000068980000 - 0x0000000068a52000 	C:\Program Files\Java\jdk1.8.0_91\jre\bin\msvcr100.dll
0x0000000065570000 - 0x0000000065e03000 	C:\Program Files\Java\jdk1.8.0_91\jre\bin\server\jvm.dll
0x000007fefb600000 - 0x000007fefb609000 	C:\Windows\system32\WSOCK32.dll
0x000007feff420000 - 0x000007feff46d000 	C:\Windows\system32\WS2_32.dll
0x000007fefeaa0000 - 0x000007fefeaa8000 	C:\Windows\system32\NSI.dll
0x000007fefaaa0000 - 0x000007fefaadb000 	C:\Windows\system32\WINMM.dll
0x000007fefc070000 - 0x000007fefc07c000 	C:\Windows\system32\VERSION.dll
0x0000000077420000 - 0x0000000077427000 	C:\Windows\system32\PSAPI.DLL
0x00000000748f0000 - 0x00000000748ff000 	C:\Program Files\Java\jdk1.8.0_91\jre\bin\verify.dll
0x0000000068550000 - 0x0000000068579000 	C:\Program Files\Java\jdk1.8.0_91\jre\bin\java.dll
0x0000000068dc0000 - 0x0000000068dd6000 	C:\Program Files\Java\jdk1.8.0_91\jre\bin\zip.dll
0x000007fefdc90000 - 0x000007fefea1c000 	C:\Windows\system32\SHELL32.dll
0x000007feff210000 - 0x000007feff413000 	C:\Windows\system32\ole32.dll
0x000007fefcf90000 - 0x000007fefcf9f000 	C:\Windows\system32\profapi.dll
0x000007fef0b90000 - 0x000007fef0cb5000 	C:\Windows\system32\dbghelp.dll

VM Arguments:
jvm_args: -Djava.awt.headless=true -Xmx1024M -Dfile.encoding=windows-1252 -Duser.country=US -Duser.language=en -Duser.variant 
java_command: com.android.dx.command.Main --dex --force-jumbo --num-threads=4 --multi-dex --output C:\Users\Administrator.RBADSK5-PC\AndroidStudioProjects\BulletinBoard\app\build\intermediates\transforms\dex\debug\folders\1000\10\com.android.support-support-media-compat-24.2.0_815267d7b62a6d082e1c666452c5c74a7531b21f C:\Users\Administrator.RBADSK5-PC\AndroidStudioProjects\BulletinBoard\app\build\intermediates\exploded-aar\com.android.support\support-media-compat\24.2.0\jars\classes.jar
java_class_path (initial): C:\Users\Administrator.RBADSK5-PC\AppData\Local\Android\sdk\build-tools\24.0.1\lib\dx.jar
Launcher Type: SUN_STANDARD

Environment Variables:
JAVA_HOME=C:\Program Files\Java\jdk1.8.0_91
PATH=C:\ProgramData\Oracle\Java\javapath;C:\Windows\system32;C:\Windows;C:\Windows\System32\Wbem;C:\Windows\System32\WindowsPowerShell\v1.0\;C:\Program Files (x86)\Skype\Phone\;C:\Users\Administrator.RBADSK5-PC\.dnx\bin;C:\Program Files\Microsoft DNX\Dnvm\;C:\Program Files\Microsoft SQL Server\130\Tools\Binn\;C:\Program Files\Git\cmd;C:\Program Files (x86)\GtkSharp\2.12\bin;C:\Program Files\nodejs\;C:\Users\Administrator.RBADSK5-PC\AppData\Local\Android\sdk\platform-tools;C:\xampp\php;C:\ProgramData\ComposerSetup\bin;C:\Users\Administrator.RBADSK5-PC\AppData\Roaming\npm;C:\Users\Administrator.RBADSK5-PC\AppData\Roaming\Composer\vendor\bin;C:\GNUstep\bin;C:\GNUstep\GNUstep\System\Tools
USERNAME=Administrator
OS=Windows_NT
PROCESSOR_IDENTIFIER=Intel64 Family 6 Model 58 Stepping 9, GenuineIntel



---------------  S Y S T E M  ---------------

OS: Windows 7 , 64 bit Build 7601 (6.1.7601.23539)

CPU:total 4 (4 cores per cpu, 1 threads per core) family 6 model 58 stepping 9, cmov, cx8, fxsr, mmx, sse, sse2, sse3, ssse3, sse4.1, sse4.2, popcnt, avx, aes, clmul, erms, tsc, tscinvbit, tscinv

Memory: 4k page, physical 8286620k(1119216k free), swap 16571380k(6365540k free)

vm_info: Java HotSpot(TM) 64-Bit Server VM (25.91-b15) for windows-amd64 JRE (1.8.0_91-b15), built on May 20 2016 17:43:15 by "java_re" with MS VC++ 10.0 (VS2010)

time: Mon Oct 03 14:06:56 2016
elapsed time: 2 seconds (0d 0h 0m 2s)

