#
# A fatal error has been detected by the Java Runtime Environment:
#
#  EXCEPTION_ACCESS_VIOLATION (0xc0000005) at pc=0x000000006852f934, pid=6196, tid=5368
#
# JRE version: Java(TM) SE Runtime Environment (8.0_91-b15) (build 1.8.0_91-b15)
# Java VM: Java HotSpot(TM) 64-Bit Server VM (25.91-b15 mixed mode windows-amd64 compressed oops)
# Problematic frame:
# V  [jvm.dll+0x4ef934]
#
# Failed to write core dump. Minidumps are not enabled by default on client versions of Windows
#
# If you would like to submit a bug report, please visit:
#   http://bugreport.java.com/bugreport/crash.jsp
#

---------------  T H R E A D  ---------------

Current thread (0x00000000563d8000):  JavaThread "C2 CompilerThread1" daemon [_thread_in_native, id=5368, stack(0x0000000056dc0000,0x0000000056ec0000)]

siginfo: ExceptionCode=0xc0000005, reading address 0x0000000858cc1c40

Registers:
RAX=0x0000000858cc1c38, RBX=0x0000000058cc1c00, RCX=0x0000000058cc1c00, RDX=0x0000000000000014
RSP=0x0000000056ebbc38, RBP=0x0000000056539b90, RSI=0x0000000000001e3b, RDI=0x0000000058cc1e48
R8 =0x0000000056ebbdd0, R9 =0x0000000000000004, R10=0x0000000057d94328, R11=0x0000000000002ca1
R12=0x0000000056ebbdd0, R13=0x0000000056ebca50, R14=0x0000000056539b90, R15=0x00000000000000ff
RIP=0x000000006852f934, EFLAGS=0x0000000000010246

Top of Stack: (sp=0x0000000056ebbc38)
0x0000000056ebbc38:   00000000684bc88d 0000000000000010
0x0000000056ebbc48:   0000000056539b01 0000000000000000
0x0000000056ebbc58:   0000000000002ca1 0000000000000015
0x0000000056ebbc68:   00000000684c2436 0000000058cc1e48
0x0000000056ebbc78:   00000000566e2f70 00000000566e2f70
0x0000000056ebbc88:   0000000068089c28 0000000056ebbcf0
0x0000000056ebbc98:   00000000000003be 00000000000000c0
0x0000000056ebbca8:   0000000058df7f80 00000000000003dd
0x0000000056ebbcb8:   00000000684c35da 00000000566e3120
0x0000000056ebbcc8:   0000000000000000 0000000058cc1e48
0x0000000056ebbcd8:   0000000056ebbdc0 0000000055114fa0
0x0000000056ebbce8:   000007fefd39133c 000001000000009f
0x0000000056ebbcf8:   0000000000000000 000000000000000f
0x0000000056ebbd08:   0000000058d6d1b0 000000400000003d
0x0000000056ebbd18:   0000000000000000 000000000000000f
0x0000000056ebbd28:   0000000058d69aa0 0000002000000019 

Instructions: (pc=0x000000006852f934)
0x000000006852f914:   28 83 79 18 02 75 22 0f b7 51 2c 0f b6 c2 24 1f
0x000000006852f924:   3c 14 74 08 80 e2 3f 80 fa 24 75 0d 48 8b 41 08
0x000000006852f934:   48 8b 48 08 48 85 c9 75 d8 48 8b c1 c3 cc cc cc
0x000000006852f944:   cc cc cc cc cc cc cc cc cc cc cc cc 44 8b 41 08 


Register to memory mapping:

RAX=0x0000000858cc1c38 is an unknown value
RBX=0x0000000058cc1c00 is an unknown value
RCX=0x0000000058cc1c00 is an unknown value
RDX=0x0000000000000014 is an unknown value
RSP=0x0000000056ebbc38 is pointing into the stack for thread: 0x00000000563d8000
RBP=0x0000000056539b90 is an unknown value
RSI=0x0000000000001e3b is an unknown value
RDI=0x0000000058cc1e48 is an unknown value
R8 =0x0000000056ebbdd0 is pointing into the stack for thread: 0x00000000563d8000
R9 =0x0000000000000004 is an unknown value
R10=0x0000000057d94328 is an unknown value
R11=0x0000000000002ca1 is an unknown value
R12=0x0000000056ebbdd0 is pointing into the stack for thread: 0x00000000563d8000
R13=0x0000000056ebca50 is pointing into the stack for thread: 0x00000000563d8000
R14=0x0000000056539b90 is an unknown value
R15=0x00000000000000ff is an unknown value


Stack: [0x0000000056dc0000,0x0000000056ec0000],  sp=0x0000000056ebbc38,  free space=1007k
Native frames: (J=compiled Java code, j=interpreted, Vv=VM code, C=native code)
V  [jvm.dll+0x4ef934]


Current CompileTask:
C2:   8528 1557   !   4       com.android.dx.cf.code.RopperMachine::run (1550 bytes)


---------------  P R O C E S S  ---------------

Java Threads: ( => current thread )
  0x00000000021fe800 JavaThread "DestroyJavaVM" [_thread_blocked, id=696, stack(0x00000000024e0000,0x00000000025e0000)]
  0x00000000563db000 JavaThread "Service Thread" daemon [_thread_blocked, id=1228, stack(0x0000000057140000,0x0000000057240000)]
  0x00000000563d9000 JavaThread "C1 CompilerThread2" daemon [_thread_blocked, id=4952, stack(0x0000000056ed0000,0x0000000056fd0000)]
=>0x00000000563d8000 JavaThread "C2 CompilerThread1" daemon [_thread_in_native, id=5368, stack(0x0000000056dc0000,0x0000000056ec0000)]
  0x00000000563d5800 JavaThread "C2 CompilerThread0" daemon [_thread_blocked, id=6560, stack(0x0000000056bb0000,0x0000000056cb0000)]
  0x00000000563d2800 JavaThread "Attach Listener" daemon [_thread_blocked, id=4092, stack(0x0000000056a60000,0x0000000056b60000)]
  0x0000000055114000 JavaThread "Signal Dispatcher" daemon [_thread_blocked, id=4364, stack(0x0000000056880000,0x0000000056980000)]
  0x00000000550fb800 JavaThread "Finalizer" daemon [_thread_blocked, id=6448, stack(0x0000000056140000,0x0000000056240000)]
  0x00000000550b4000 JavaThread "Reference Handler" daemon [_thread_blocked, id=1472, stack(0x00000000562d0000,0x00000000563d0000)]

Other Threads:
  0x00000000550ac800 VMThread [stack: 0x0000000056040000,0x0000000056140000] [id=3936]
  0x0000000056459000 WatcherThread [stack: 0x0000000057280000,0x0000000057380000] [id=4816]

VM state:not at safepoint (normal execution)

VM Mutex/Monitor currently owned by a thread: None

Heap:
 PSYoungGen      total 71680K, used 40820K [0x00000000eab00000, 0x00000000f3700000, 0x0000000100000000)
  eden space 66560K, 53% used [0x00000000eab00000,0x00000000ecde0cc8,0x00000000eec00000)
  from space 5120K, 99% used [0x00000000eec00000,0x00000000ef0fc338,0x00000000ef100000)
  to   space 5120K, 0% used [0x00000000f3200000,0x00000000f3200000,0x00000000f3700000)
 ParOldGen       total 87552K, used 14379K [0x00000000c0000000, 0x00000000c5580000, 0x00000000eab00000)
  object space 87552K, 16% used [0x00000000c0000000,0x00000000c0e0aed8,0x00000000c5580000)
 Metaspace       used 7114K, capacity 7640K, committed 7936K, reserved 1056768K
  class space    used 678K, capacity 720K, committed 768K, reserved 1048576K

Card table byte_map: [0x0000000011c70000,0x0000000011e80000] byte_map_base: 0x0000000011670000

Marking Bits: (ParMarkBitMap*) 0x0000000068852f70
 Begin Bits: [0x0000000012520000, 0x0000000013520000)
 End Bits:   [0x0000000013520000, 0x0000000014520000)

Polling page: 0x0000000000230000

CodeCache: size=245760Kb used=9567Kb max_used=9579Kb free=236192Kb
 bounds [0x00000000028b0000, 0x0000000003220000, 0x00000000118b0000]
 total_blobs=2560 nmethods=2283 adapters=189
 compilation: enabled

Compilation events (10 events):
Event: 6.293 Thread 0x00000000563d9000 2207       2       com.android.dx.dex.file.FieldIdItem::getTypoidIdx (17 bytes)
Event: 6.293 Thread 0x00000000563d9000 nmethod 2207 0x00000000031bd410 code [0x00000000031bd580, 0x00000000031bd778]
Event: 6.295 Thread 0x00000000563d5800 nmethod 1863 0x00000000031bd990 code [0x00000000031bde80, 0x00000000031c1c98]
Event: 6.295 Thread 0x00000000563d9000 2208       2       com.android.dx.dex.file.MethodIdItem::getMethodRef (8 bytes)
Event: 6.295 Thread 0x00000000563d9000 nmethod 2208 0x00000000031b4ad0 code [0x00000000031b4c20, 0x00000000031b4d90]
Event: 6.296 Thread 0x00000000563d9000 2209       2       com.android.dx.dex.file.MethodIdItem::getTypoidIdx (17 bytes)
Event: 6.296 Thread 0x00000000563d5800 2090       4       com.android.dx.dex.code.LocalList$MakeState::snapshot (110 bytes)
Event: 6.296 Thread 0x00000000563d9000 nmethod 2209 0x00000000031b4650 code [0x00000000031b47c0, 0x00000000031b4988]
Event: 6.296 Thread 0x00000000563d9000 2210       2       com.android.dx.dex.file.ProtoIdsSection::indexOf (49 bytes)
Event: 6.297 Thread 0x00000000563d9000 nmethod 2210 0x00000000031b3cd0 code [0x00000000031b3ea0, 0x00000000031b4328]

GC Heap History (6 events):
Event: 2.188 GC heap before
{Heap before GC invocations=1 (full 0):
 PSYoungGen      total 38400K, used 33280K [0x00000000eab00000, 0x00000000ed580000, 0x0000000100000000)
  eden space 33280K, 100% used [0x00000000eab00000,0x00000000ecb80000,0x00000000ecb80000)
  from space 5120K, 0% used [0x00000000ed080000,0x00000000ed080000,0x00000000ed580000)
  to   space 5120K, 0% used [0x00000000ecb80000,0x00000000ecb80000,0x00000000ed080000)
 ParOldGen       total 87552K, used 0K [0x00000000c0000000, 0x00000000c5580000, 0x00000000eab00000)
  object space 87552K, 0% used [0x00000000c0000000,0x00000000c0000000,0x00000000c5580000)
 Metaspace       used 6063K, capacity 6962K, committed 7040K, reserved 1056768K
  class space    used 604K, capacity 618K, committed 640K, reserved 1048576K
Event: 2.962 GC heap after
Heap after GC invocations=1 (full 0):
 PSYoungGen      total 38400K, used 5089K [0x00000000eab00000, 0x00000000ef600000, 0x0000000100000000)
  eden space 33280K, 0% used [0x00000000eab00000,0x00000000eab00000,0x00000000ecb80000)
  from space 5120K, 99% used [0x00000000ecb80000,0x00000000ed0786b0,0x00000000ed080000)
  to   space 5120K, 0% used [0x00000000ef100000,0x00000000ef100000,0x00000000ef600000)
 ParOldGen       total 87552K, used 1744K [0x00000000c0000000, 0x00000000c5580000, 0x00000000eab00000)
  object space 87552K, 1% used [0x00000000c0000000,0x00000000c01b4110,0x00000000c5580000)
 Metaspace       used 6063K, capacity 6962K, committed 7040K, reserved 1056768K
  class space    used 604K, capacity 618K, committed 640K, reserved 1048576K
}
Event: 4.502 GC heap before
{Heap before GC invocations=2 (full 0):
 PSYoungGen      total 38400K, used 38369K [0x00000000eab00000, 0x00000000ef600000, 0x0000000100000000)
  eden space 33280K, 100% used [0x00000000eab00000,0x00000000ecb80000,0x00000000ecb80000)
  from space 5120K, 99% used [0x00000000ecb80000,0x00000000ed0786b0,0x00000000ed080000)
  to   space 5120K, 0% used [0x00000000ef100000,0x00000000ef100000,0x00000000ef600000)
 ParOldGen       total 87552K, used 1744K [0x00000000c0000000, 0x00000000c5580000, 0x00000000eab00000)
  object space 87552K, 1% used [0x00000000c0000000,0x00000000c01b4110,0x00000000c5580000)
 Metaspace       used 6260K, capacity 7128K, committed 7424K, reserved 1056768K
  class space    used 624K, capacity 656K, committed 768K, reserved 1048576K
Event: 4.544 GC heap after
Heap after GC invocations=2 (full 0):
 PSYoungGen      total 71680K, used 5105K [0x00000000eab00000, 0x00000000ef600000, 0x0000000100000000)
  eden space 66560K, 0% used [0x00000000eab00000,0x00000000eab00000,0x00000000eec00000)
  from space 5120K, 99% used [0x00000000ef100000,0x00000000ef5fc6c0,0x00000000ef600000)
  to   space 5120K, 0% used [0x00000000eec00000,0x00000000eec00000,0x00000000ef100000)
 ParOldGen       total 87552K, used 5267K [0x00000000c0000000, 0x00000000c5580000, 0x00000000eab00000)
  object space 87552K, 6% used [0x00000000c0000000,0x00000000c0524e68,0x00000000c5580000)
 Metaspace       used 6260K, capacity 7128K, committed 7424K, reserved 1056768K
  class space    used 624K, capacity 656K, committed 768K, reserved 1048576K
}
Event: 5.682 GC heap before
{Heap before GC invocations=3 (full 0):
 PSYoungGen      total 71680K, used 71665K [0x00000000eab00000, 0x00000000ef600000, 0x0000000100000000)
  eden space 66560K, 100% used [0x00000000eab00000,0x00000000eec00000,0x00000000eec00000)
  from space 5120K, 99% used [0x00000000ef100000,0x00000000ef5fc6c0,0x00000000ef600000)
  to   space 5120K, 0% used [0x00000000eec00000,0x00000000eec00000,0x00000000ef100000)
 ParOldGen       total 87552K, used 5267K [0x00000000c0000000, 0x00000000c5580000, 0x00000000eab00000)
  object space 87552K, 6% used [0x00000000c0000000,0x00000000c0524e68,0x00000000c5580000)
 Metaspace       used 6356K, capacity 7192K, committed 7424K, reserved 1056768K
  class space    used 625K, capacity 656K, committed 768K, reserved 1048576K
Event: 5.723 GC heap after
Heap after GC invocations=3 (full 0):
 PSYoungGen      total 71680K, used 5104K [0x00000000eab00000, 0x00000000f3700000, 0x0000000100000000)
  eden space 66560K, 0% used [0x00000000eab00000,0x00000000eab00000,0x00000000eec00000)
  from space 5120K, 99% used [0x00000000eec00000,0x00000000ef0fc338,0x00000000ef100000)
  to   space 5120K, 0% used [0x00000000f3200000,0x00000000f3200000,0x00000000f3700000)
 ParOldGen       total 87552K, used 14379K [0x00000000c0000000, 0x00000000c5580000, 0x00000000eab00000)
  object space 87552K, 16% used [0x00000000c0000000,0x00000000c0e0aed8,0x00000000c5580000)
 Metaspace       used 6356K, capacity 7192K, committed 7424K, reserved 1056768K
  class space    used 625K, capacity 656K, committed 768K, reserved 1048576K
}

Deoptimization events (10 events):
Event: 5.975 Thread 0x0000000056606800 Uncommon trap: reason=class_check action=maybe_recompile pc=0x0000000002db11f8 method=java.util.Arrays.hashCode([Ljava/lang/Object;)I @ 43
Event: 5.976 Thread 0x0000000056606800 Uncommon trap: reason=class_check action=maybe_recompile pc=0x0000000002db11f8 method=java.util.Arrays.hashCode([Ljava/lang/Object;)I @ 43
Event: 5.976 Thread 0x0000000056606800 Uncommon trap: reason=class_check action=maybe_recompile pc=0x0000000002db11f8 method=java.util.Arrays.hashCode([Ljava/lang/Object;)I @ 43
Event: 5.976 Thread 0x0000000056606800 Uncommon trap: reason=class_check action=maybe_recompile pc=0x0000000002db11f8 method=java.util.Arrays.hashCode([Ljava/lang/Object;)I @ 43
Event: 5.976 Thread 0x0000000056606800 Uncommon trap: reason=class_check action=maybe_recompile pc=0x0000000002d9de28 method=java.util.Arrays.hashCode([Ljava/lang/Object;)I @ 43
Event: 6.073 Thread 0x0000000056606800 Uncommon trap: reason=speculate_class_check action=maybe_recompile pc=0x0000000002c40f90 method=com.android.dx.util.FixedSizeList.equals(Ljava/lang/Object;)Z @ 25
Event: 6.077 Thread 0x0000000056606800 Uncommon trap: reason=speculate_class_check action=maybe_recompile pc=0x0000000002c40f90 method=com.android.dx.util.FixedSizeList.equals(Ljava/lang/Object;)Z @ 25
Event: 6.077 Thread 0x0000000056606800 Uncommon trap: reason=speculate_class_check action=maybe_recompile pc=0x0000000002c40f90 method=com.android.dx.util.FixedSizeList.equals(Ljava/lang/Object;)Z @ 25
Event: 6.078 Thread 0x0000000056606800 Uncommon trap: reason=speculate_class_check action=maybe_recompile pc=0x0000000002c40f90 method=com.android.dx.util.FixedSizeList.equals(Ljava/lang/Object;)Z @ 25
Event: 6.272 Thread 0x0000000056606800 Uncommon trap: reason=unstable_if action=reinterpret pc=0x0000000002c226bc method=java.lang.Long.numberOfTrailingZeros(J)I @ 3

Internal exceptions (7 events):
Event: 0.041 Thread 0x00000000021fe800 Exception <a 'java/lang/NoSuchMethodError': Method sun.misc.Unsafe.defineClass(Ljava/lang/String;[BII)Ljava/lang/Class; name or signature does not match> (0x00000000eab07cc0) thrown at [C:\re\workspace\8-2-build-windows-amd64-cygwin\jdk8u91\7017\hotspot\srG•T[¥?
Event: 0.041 Thread 0x00000000021fe800 Exception <a 'java/lang/NoSuchMethodError': Method sun.misc.Unsafe.prefetchRead(Ljava/lang/Object;J)V name or signature does not match> (0x00000000eab07fa8) thrown at [C:\re\workspace\8-2-build-windows-amd64-cygwin\jdk8u91\7017\hotspot\src\share\vm\prims\jŽ¢`.¹ÿ@
Event: 3.000 Thread 0x00000000566fd000 Exception <a 'java/lang/ArrayIndexOutOfBoundsException': 18> (0x00000000eb2bae28) thrown at [C:\re\workspace\8-2-build-windows-amd64-cygwin\jdk8u91\7017\hotspot\src\share\vm\interpreter\interpreterRuntime.cpp, line 366]
Event: 3.000 Thread 0x00000000566fd000 Exception <a 'java/lang/ArrayIndexOutOfBoundsException': 145> (0x00000000eb2bc9a8) thrown at [C:\re\workspace\8-2-build-windows-amd64-cygwin\jdk8u91\7017\hotspot\src\share\vm\interpreter\interpreterRuntime.cpp, line 366]
Event: 3.001 Thread 0x00000000566fd000 Exception <a 'java/lang/ArrayIndexOutOfBoundsException'> (0x00000000eb2bdc90) thrown at [C:\re\workspace\8-2-build-windows-amd64-cygwin\jdk8u91\7017\hotspot\src\share\vm\runtime\sharedRuntime.cpp, line 605]
Event: 3.056 Thread 0x00000000566fd000 Implicit null exception at 0x0000000002cab992 to 0x0000000002caba82
Event: 4.262 Thread 0x00000000566f2800 Implicit null exception at 0x0000000002f0ab7a to 0x0000000002f0ddcd

Events (10 events):
Event: 6.237 loading class com/android/dx/dex/file/DebugInfoEncoder$2 done
Event: 6.268 loading class com/android/dex/EncodedValueCodec
Event: 6.268 loading class com/android/dex/EncodedValueCodec done
Event: 6.272 Thread 0x0000000056606800 Uncommon trap: trap_request=0xffffff65 fr.pc=0x0000000002c226bc
Event: 6.272 Thread 0x0000000056606800 DEOPT PACKING pc=0x0000000002c226bc sp=0x000000005600ec30
Event: 6.272 Thread 0x0000000056606800 DEOPT UNPACKING pc=0x00000000028f582a sp=0x000000005600ebc0 mode 2
Event: 6.280 loading class com/android/dx/dex/file/MapItem
Event: 6.280 loading class com/android/dx/dex/file/MapItem done
Event: 6.284 loading class com/android/dex/DexFormat
Event: 6.284 loading class com/android/dex/DexFormat done


Dynamic libraries:
0x000000013fd80000 - 0x000000013fdb7000 	C:\Program Files\Java\jdk1.8.0_91\bin\java.exe
0x0000000077440000 - 0x00000000775ea000 	C:\Windows\SYSTEM32\ntdll.dll
0x0000000077320000 - 0x000000007743f000 	C:\Windows\system32\kernel32.dll
0x000007fefd390000 - 0x000007fefd3fa000 	C:\Windows\system32\KERNELBASE.dll
0x000007fefe280000 - 0x000007fefe35b000 	C:\Windows\system32\ADVAPI32.dll
0x000007fefdf80000 - 0x000007fefe01f000 	C:\Windows\system32\msvcrt.dll
0x000007fefe3c0000 - 0x000007fefe3df000 	C:\Windows\SYSTEM32\sechost.dll
0x000007feff600000 - 0x000007feff72d000 	C:\Windows\system32\RPCRT4.dll
0x0000000077220000 - 0x000000007731a000 	C:\Windows\system32\USER32.dll
0x000007fefde10000 - 0x000007fefde77000 	C:\Windows\system32\GDI32.dll
0x000007fefe670000 - 0x000007fefe67e000 	C:\Windows\system32\LPK.dll
0x000007fefdeb0000 - 0x000007fefdf7a000 	C:\Windows\system32\USP10.dll
0x000007fefb820000 - 0x000007fefba14000 	C:\Windows\WinSxS\amd64_microsoft.windows.common-controls_6595b64144ccf1df_6.0.7601.18837_none_fa3b1e3d17594757\COMCTL32.dll
0x000007fefdd90000 - 0x000007fefde01000 	C:\Windows\system32\SHLWAPI.dll
0x000007fefde80000 - 0x000007fefdeae000 	C:\Windows\system32\IMM32.DLL
0x000007fefe480000 - 0x000007fefe589000 	C:\Windows\system32\MSCTF.dll
0x00000000647b0000 - 0x0000000064882000 	C:\Program Files\Java\jdk1.8.0_91\jre\bin\msvcr100.dll
0x0000000068040000 - 0x00000000688d3000 	C:\Program Files\Java\jdk1.8.0_91\jre\bin\server\jvm.dll
0x000007fee6970000 - 0x000007fee6979000 	C:\Windows\system32\WSOCK32.dll
0x000007fefe680000 - 0x000007fefe6cd000 	C:\Windows\system32\WS2_32.dll
0x000007feff5f0000 - 0x000007feff5f8000 	C:\Windows\system32\NSI.dll
0x000007fefacf0000 - 0x000007fefad2b000 	C:\Windows\system32\WINMM.dll
0x000007fefc270000 - 0x000007fefc27c000 	C:\Windows\system32\VERSION.dll
0x0000000077610000 - 0x0000000077617000 	C:\Windows\system32\PSAPI.DLL
0x0000000068030000 - 0x000000006803f000 	C:\Program Files\Java\jdk1.8.0_91\jre\bin\verify.dll
0x0000000068000000 - 0x0000000068029000 	C:\Program Files\Java\jdk1.8.0_91\jre\bin\java.dll
0x0000000067fe0000 - 0x0000000067ff6000 	C:\Program Files\Java\jdk1.8.0_91\jre\bin\zip.dll
0x000007fefe860000 - 0x000007feff5ec000 	C:\Windows\system32\SHELL32.dll
0x000007fefdae0000 - 0x000007fefdce3000 	C:\Windows\system32\ole32.dll
0x000007fefd180000 - 0x000007fefd18f000 	C:\Windows\system32\profapi.dll
0x000007fee8a00000 - 0x000007fee8b25000 	C:\Windows\system32\dbghelp.dll

VM Arguments:
jvm_args: -Djava.awt.headless=true -Xmx1024M -Dfile.encoding=windows-1252 -Duser.country=US -Duser.language=en -Duser.variant 
java_command: com.android.dx.command.Main --dex --force-jumbo --num-threads=4 --multi-dex --output C:\Users\Administrator.RBADSK5-PC\AndroidStudioProjects\BulletinBoard\app\build\intermediates\transforms\dex\debug\folders\1000\10\com.android.support-support-core-ui-24.2.0_1086ff3d9fc9e3be5edd39916de233c7b8d143c0 C:\Users\Administrator.RBADSK5-PC\AndroidStudioProjects\BulletinBoard\app\build\intermediates\exploded-aar\com.android.support\support-core-ui\24.2.0\jars\classes.jar
java_class_path (initial): C:\Users\Administrator.RBADSK5-PC\AppData\Local\Android\sdk\build-tools\24.0.0\lib\dx.jar
Launcher Type: SUN_STANDARD

Environment Variables:
JAVA_HOME=C:\Program Files\Java\jdk1.8.0_91
PATH=C:\ProgramData\Oracle\Java\javapath;C:\Windows\system32;C:\Windows;C:\Windows\System32\Wbem;C:\Windows\System32\WindowsPowerShell\v1.0\;C:\Program Files (x86)\Skype\Phone\;C:\Windows\system32\config\systemprofile\.dnx\bin;C:\Program Files\Microsoft DNX\Dnvm\;C:\Program Files\Microsoft SQL Server\130\Tools\Binn\;C:\Program Files\Git\cmd;C:\Program Files (x86)\GtkSharp\2.12\bin;C:\Program Files\nodejs\;C:\Users\Administrator.RBADSK5-PC\AppData\Local\Android\sdk\platform-tools;C:\xampp\php;C:\ProgramData\ComposerSetup\bin;C:\Users\Administrator.RBADSK5-PC\AppData\Roaming\npm;C:\Users\Administrator.RBADSK5-PC\AppData\Roaming\Composer\vendor\bin;C:\GNUstep\bin;C:\GNUstep\GNUstep\System\Tools
USERNAME=Administrator
OS=Windows_NT
PROCESSOR_IDENTIFIER=Intel64 Family 6 Model 58 Stepping 9, GenuineIntel



---------------  S Y S T E M  ---------------

OS: Windows 7 , 64 bit Build 7601 (6.1.7601.23418)

CPU:total 4 (4 cores per cpu, 1 threads per core) family 6 model 58 stepping 9, cmov, cx8, fxsr, mmx, sse, sse2, sse3, ssse3, sse4.1, sse4.2, popcnt, avx, aes, clmul, erms, tsc, tscinvbit, tscinv

Memory: 4k page, physical 8286620k(2335556k free), swap 16571380k(8475664k free)

vm_info: Java HotSpot(TM) 64-Bit Server VM (25.91-b15) for windows-amd64 JRE (1.8.0_91-b15), built on May 20 2016 17:43:15 by "java_re" with MS VC++ 10.0 (VS2010)

time: Mon Sep 12 10:14:12 2016
elapsed time: 9 seconds (0d 0h 0m 9s)

